<?xml version="1.0" encoding="UTF-8"?>
<testsuite xmlns:xsi="http://www.w3.org/2001/XMLSchema-instance" xsi:noNamespaceSchemaLocation="https://maven.apache.org/surefire/maven-surefire-plugin/xsd/surefire-test-report-3.0.xsd" version="3.0" name="Exo2.InventoryManagerTest" time="0.208" tests="5" errors="0" skipped="0" failures="0">
  <properties>
[...]
</properties>
  <testcase name="testRemoveProductNonExistingProduct(String, int)[1]" classname="Exo2.InventoryManagerTest" time="0.071"/>
  <testcase name="testRemoveProductOutOfStock(String, int, int)[1]" classname="Exo2.InventoryManagerTest" time="0.002"/>
  <testcase name="testRemoveProductInsufficientStock(String, int, int)[1]" classname="Exo2.InventoryManagerTest" time="0.004"/>
  <testcase name="testAddProduct(String, int)[1]" classname="Exo2.InventoryManagerTest" time="0.002"/>
  <testcase name="testRemoveProductSufficientStock(String, int, int)[1]" classname="Exo2.InventoryManagerTest" time="0.002"/>
</testsuite>